<?xml version="1.0" encoding="UTF-8"?>
<!-- Generated by org.testng.reporters.JUnitReportReporter -->
<testsuite hostname="Shammi" failures="0" tests="7" name="com.qa.opencart.tests.AccountsPageTest" time="4.415" errors="0" timestamp="2024-08-20T18:03:08 IST" skipped="0">
  <testcase classname="com.qa.opencart.tests.AccountsPageTest" name="doesLogoutLinkExistTest" time="0.196"/>
  <system-out/>
  <testcase classname="com.qa.opencart.tests.AccountsPageTest" name="accountsPageTitleTest" time="0.064"/>
  <system-out/>
  <testcase classname="com.qa.opencart.tests.AccountsPageTest" name="accountsPageHeadersCountTest" time="0.594"/>
  <system-out/>
  <testcase classname="com.qa.opencart.tests.AccountsPageTest" name="doesSearchBarExistTest" time="0.123"/>
  <system-out/>
  <testcase classname="com.qa.opencart.tests.AccountsPageTest" name="performSearchTest" time="2.468"/>
  <system-out/>
  <testcase classname="com.qa.opencart.tests.AccountsPageTest" name="accountsPageUrlTest" time="0.107"/>
  <system-out/>
  <testcase classname="com.qa.opencart.tests.AccountsPageTest" name="accountsPageHeadersTest" time="0.863"/>
  <system-out/>
</testsuite> <!-- com.qa.opencart.tests.AccountsPageTest -->
