<?xml version="1.0" encoding="UTF-8"?>
<!-- Generated by org.testng.reporters.JUnitReportReporter -->
<testsuite hostname="Shammi" failures="0" tests="4" name="com.qa.opencart.tests.RegistrationPageTest" time="0.174" errors="1" timestamp="2024-08-20T17:13:51 IST" skipped="3">
  <testcase classname="com.qa.opencart.tests.RegistrationPageTest" name="fillRegistrationFormTest" time="0.000">
    <skipped/>
  </testcase> <!-- fillRegistrationFormTest -->
  <system-out/>
  <testcase classname="com.qa.opencart.tests.RegistrationPageTest" name="fillRegistrationFormTest" time="0.001">
    <skipped/>
  </testcase> <!-- fillRegistrationFormTest -->
  <system-out/>
  <testcase classname="com.qa.opencart.tests.RegistrationPageTest" name="fillRegistrationFormTest" time="0.000">
    <skipped/>
  </testcase> <!-- fillRegistrationFormTest -->
  <system-out/>
  <testcase classname="com.qa.opencart.tests.RegistrationPageTest" name="setUp" time="0.173">
    <error type="java.lang.NullPointerException">
      <![CDATA[java.lang.NullPointerException
at com.qa.opencart.base.BaseTest.setUp(BaseTest.java:29)
at java.base/jdk.internal.reflect.NativeMethodAccessorImpl.invoke0(Native Method)
at java.base/jdk.internal.reflect.NativeMethodAccessorImpl.invoke(NativeMethodAccessorImpl.java:62)
at java.base/jdk.internal.reflect.DelegatingMethodAccessorImpl.invoke(DelegatingMethodAccessorImpl.java:43)
at java.base/java.lang.reflect.Method.invoke(Method.java:566)
at org.testng.internal.invokers.MethodInvocationHelper.invokeMethod(MethodInvocationHelper.java:139)
at org.testng.internal.invokers.MethodInvocationHelper.invokeMethodConsideringTimeout(MethodInvocationHelper.java:69)
at org.testng.internal.invokers.ConfigInvoker.invokeConfigurationMethod(ConfigInvoker.java:361)
at org.testng.internal.invokers.ConfigInvoker.invokeConfigurations(ConfigInvoker.java:296)
at org.testng.TestRunner.invokeTestConfigurations(TestRunner.java:644)
at org.testng.TestRunner.beforeRun(TestRunner.java:633)
at org.testng.TestRunner.run(TestRunner.java:595)
at org.testng.SuiteRunner.runTest(SuiteRunner.java:437)
at org.testng.SuiteRunner$SuiteWorker.run(SuiteRunner.java:475)
at org.testng.internal.thread.ThreadUtil.lambda$execute$0(ThreadUtil.java:58)
at java.base/java.util.concurrent.FutureTask.run(FutureTask.java:264)
at java.base/java.util.concurrent.ThreadPoolExecutor.runWorker(ThreadPoolExecutor.java:1128)
at java.base/java.util.concurrent.ThreadPoolExecutor$Worker.run(ThreadPoolExecutor.java:628)
at java.base/java.lang.Thread.run(Thread.java:834)
]]>
    </error>
  </testcase> <!-- setUp -->
  <system-out/>
</testsuite> <!-- com.qa.opencart.tests.RegistrationPageTest -->
