<?xml version="1.0" encoding="UTF-8"?>
<!-- Generated by org.testng.reporters.JUnitReportReporter -->
<testsuite hostname="Shammi" failures="0" tests="5" name="com.qa.opencart.tests.ProductResultsPageTest" time="11.982" errors="0" timestamp="2024-08-20T18:03:08 IST" skipped="0">
  <testcase classname="com.qa.opencart.tests.ProductResultsPageTest" name="productImagesTest" time="2.325"/>
  <system-out/>
  <testcase classname="com.qa.opencart.tests.ProductResultsPageTest" name="productImagesTest" time="1.655"/>
  <system-out/>
  <testcase classname="com.qa.opencart.tests.ProductResultsPageTest" name="productInfoTest" time="2.144"/>
  <system-out/>
  <testcase classname="com.qa.opencart.tests.ProductResultsPageTest" name="productImagesTest" time="3.735"/>
  <system-out/>
  <testcase classname="com.qa.opencart.tests.ProductResultsPageTest" name="productImagesTest" time="2.123"/>
  <system-out/>
</testsuite> <!-- com.qa.opencart.tests.ProductResultsPageTest -->
